# JRE version: Java(TM) SE Runtime Environment (8.0_231-b11) (build 1.8.0_231-b11)
# Java VM: Java HotSpot(TM) 64-Bit Server VM (25.231-b11 mixed mode windows-amd64 compressed oops)
Heap:
 PSYoungGen      total 240128K, used 30045K [0x0000000780000000, 0x0000000790180000, 0x00000007c0000000)
  eden space 218624K, 13% used [0x0000000780000000,0x0000000781d575c8,0x000000078d580000)
  from space 21504K, 0% used [0x000000078ea80000,0x000000078ea80000,0x000000078ff80000)
  to   space 21504K, 0% used [0x000000078d580000,0x000000078d580000,0x000000078ea80000)
 ParOldGen       total 197632K, used 16492K [0x0000000700000000, 0x000000070c100000, 0x0000000780000000)
  object space 197632K, 8% used [0x0000000700000000,0x000000070101b288,0x000000070c100000)
 Metaspace       used 39066K, capacity 39634K, committed 39936K, reserved 1083392K
  class space    used 5376K, capacity 5598K, committed 5632K, reserved 1048576K
GC Heap History (10 events):
Event: 3.727 GC heap before
{Heap before GC invocations=2 (full 0):
 PSYoungGen      total 153088K, used 72913K [0x0000000780000000, 0x000000078aa80000, 0x00000007c0000000)
  eden space 131584K, 45% used [0x0000000780000000,0x0000000783b0a818,0x0000000788080000)
  from space 21504K, 57% used [0x0000000788080000,0x0000000788ca9c18,0x0000000789580000)
  to   space 21504K, 0% used [0x0000000789580000,0x0000000789580000,0x000000078aa80000)
 ParOldGen       total 349696K, used 39K [0x0000000700000000, 0x0000000715580000, 0x0000000780000000)
  object space 349696K, 0% used [0x0000000700000000,0x0000000700009c40,0x0000000715580000)
 Metaspace       used 20728K, capacity 21146K, committed 21296K, reserved 1067008K
  class space    used 2974K, capacity 3124K, committed 3200K, reserved 1048576K
Event: 3.747 GC heap after
Heap after GC invocations=2 (full 0):
 PSYoungGen      total 153088K, used 11980K [0x0000000780000000, 0x0000000792b00000, 0x00000007c0000000)
  eden space 131584K, 0% used [0x0000000780000000,0x0000000780000000,0x0000000788080000)
  from space 21504K, 55% used [0x0000000789580000,0x000000078a133100,0x000000078aa80000)
  to   space 21504K, 0% used [0x0000000788080000,0x0000000788080000,0x0000000789580000)
 ParOldGen       total 349696K, used 47K [0x0000000700000000, 0x0000000715580000, 0x0000000780000000)
  object space 349696K, 0% used [0x0000000700000000,0x000000070000bc40,0x0000000715580000)
 Metaspace       used 20728K, capacity 21146K, committed 21296K, reserved 1067008K
  class space    used 2974K, capacity 3124K, committed 3200K, reserved 1048576K
}
Event: 3.747 GC heap before
{Heap before GC invocations=3 (full 1):
 PSYoungGen      total 153088K, used 11980K [0x0000000780000000, 0x0000000792b00000, 0x00000007c0000000)
  eden space 131584K, 0% used [0x0000000780000000,0x0000000780000000,0x0000000788080000)
  from space 21504K, 55% used [0x0000000789580000,0x000000078a133100,0x000000078aa80000)
  to   space 21504K, 0% used [0x0000000788080000,0x0000000788080000,0x0000000789580000)
 ParOldGen       total 349696K, used 47K [0x0000000700000000, 0x0000000715580000, 0x0000000780000000)
  object space 349696K, 0% used [0x0000000700000000,0x000000070000bc40,0x0000000715580000)
 Metaspace       used 20728K, capacity 21146K, committed 21296K, reserved 1067008K
  class space    used 2974K, capacity 3124K, committed 3200K, reserved 1048576K
Event: 3.789 GC heap after
Heap after GC invocations=3 (full 1):
 PSYoungGen      total 153088K, used 0K [0x0000000780000000, 0x0000000792b00000, 0x00000007c0000000)
  eden space 131584K, 0% used [0x0000000780000000,0x0000000780000000,0x0000000788080000)
  from space 21504K, 0% used [0x0000000789580000,0x0000000789580000,0x000000078aa80000)
  to   space 21504K, 0% used [0x0000000788080000,0x0000000788080000,0x0000000789580000)
 ParOldGen       total 197632K, used 11598K [0x0000000700000000, 0x000000070c100000, 0x0000000780000000)
  object space 197632K, 5% used [0x0000000700000000,0x0000000700b53928,0x000000070c100000)
 Metaspace       used 20728K, capacity 21146K, committed 21296K, reserved 1067008K
  class space    used 2974K, capacity 3124K, committed 3200K, reserved 1048576K
}
Event: 5.275 GC heap before
{Heap before GC invocations=4 (full 1):
 PSYoungGen      total 153088K, used 131584K [0x0000000780000000, 0x0000000792b00000, 0x00000007c0000000)
  eden space 131584K, 100% used [0x0000000780000000,0x0000000788080000,0x0000000788080000)
  from space 21504K, 0% used [0x0000000789580000,0x0000000789580000,0x000000078aa80000)
  to   space 21504K, 0% used [0x0000000788080000,0x0000000788080000,0x0000000789580000)
 ParOldGen       total 197632K, used 11598K [0x0000000700000000, 0x000000070c100000, 0x0000000780000000)
  object space 197632K, 5% used [0x0000000700000000,0x0000000700b53928,0x000000070c100000)
 Metaspace       used 31963K, capacity 32538K, committed 32896K, reserved 1077248K
  class space    used 4457K, capacity 4672K, committed 4736K, reserved 1048576K
Event: 5.327 GC heap after
Heap after GC invocations=4 (full 1):
 PSYoungGen      total 153088K, used 13557K [0x0000000780000000, 0x000000078ff80000, 0x00000007c0000000)
  eden space 131584K, 0% used [0x0000000780000000,0x0000000780000000,0x0000000788080000)
  from space 21504K, 63% used [0x0000000788080000,0x0000000788dbd4c8,0x0000000789580000)
  to   space 21504K, 0% used [0x000000078ea80000,0x000000078ea80000,0x000000078ff80000)
 ParOldGen       total 197632K, used 11606K [0x0000000700000000, 0x000000070c100000, 0x0000000780000000)
  object space 197632K, 5% used [0x0000000700000000,0x0000000700b55928,0x000000070c100000)
 Metaspace       used 31963K, capacity 32538K, committed 32896K, reserved 1077248K
  class space    used 4457K, capacity 4672K, committed 4736K, reserved 1048576K
}
Event: 6.045 GC heap before
{Heap before GC invocations=5 (full 1):
 PSYoungGen      total 153088K, used 58280K [0x0000000780000000, 0x000000078ff80000, 0x00000007c0000000)
  eden space 131584K, 33% used [0x0000000780000000,0x0000000782bacdd0,0x0000000788080000)
  from space 21504K, 63% used [0x0000000788080000,0x0000000788dbd4c8,0x0000000789580000)
  to   space 21504K, 0% used [0x000000078ea80000,0x000000078ea80000,0x000000078ff80000)
 ParOldGen       total 197632K, used 11606K [0x0000000700000000, 0x000000070c100000, 0x0000000780000000)
  object space 197632K, 5% used [0x0000000700000000,0x0000000700b55928,0x000000070c100000)
 Metaspace       used 34604K, capacity 35328K, committed 35496K, reserved 1079296K
  class space    used 4866K, capacity 5109K, committed 5120K, reserved 1048576K
Event: 6.065 GC heap after
Heap after GC invocations=5 (full 1):
 PSYoungGen      total 240128K, used 9693K [0x0000000780000000, 0x0000000790180000, 0x00000007c0000000)
  eden space 218624K, 0% used [0x0000000780000000,0x0000000780000000,0x000000078d580000)
  from space 21504K, 45% used [0x000000078ea80000,0x000000078f3f74f8,0x000000078ff80000)
  to   space 21504K, 0% used [0x000000078d580000,0x000000078d580000,0x000000078ea80000)
 ParOldGen       total 197632K, used 11614K [0x0000000700000000, 0x000000070c100000, 0x0000000780000000)
  object space 197632K, 5% used [0x0000000700000000,0x0000000700b57928,0x000000070c100000)
 Metaspace       used 34604K, capacity 35328K, committed 35496K, reserved 1079296K
  class space    used 4866K, capacity 5109K, committed 5120K, reserved 1048576K
}
Event: 6.065 GC heap before
{Heap before GC invocations=6 (full 2):
 PSYoungGen      total 240128K, used 9693K [0x0000000780000000, 0x0000000790180000, 0x00000007c0000000)
  eden space 218624K, 0% used [0x0000000780000000,0x0000000780000000,0x000000078d580000)
  from space 21504K, 45% used [0x000000078ea80000,0x000000078f3f74f8,0x000000078ff80000)
  to   space 21504K, 0% used [0x000000078d580000,0x000000078d580000,0x000000078ea80000)
 ParOldGen       total 197632K, used 11614K [0x0000000700000000, 0x000000070c100000, 0x0000000780000000)
  object space 197632K, 5% used [0x0000000700000000,0x0000000700b57928,0x000000070c100000)
 Metaspace       used 34604K, capacity 35328K, committed 35496K, reserved 1079296K
  class space    used 4866K, capacity 5109K, committed 5120K, reserved 1048576K
Event: 6.106 GC heap after
Heap after GC invocations=6 (full 2):
 PSYoungGen      total 240128K, used 0K [0x0000000780000000, 0x0000000790180000, 0x00000007c0000000)
  eden space 218624K, 0% used [0x0000000780000000,0x0000000780000000,0x000000078d580000)
  from space 21504K, 0% used [0x000000078ea80000,0x000000078ea80000,0x000000078ff80000)
  to   space 21504K, 0% used [0x000000078d580000,0x000000078d580000,0x000000078ea80000)
 ParOldGen       total 197632K, used 16492K [0x0000000700000000, 0x000000070c100000, 0x0000000780000000)
  object space 197632K, 8% used [0x0000000700000000,0x000000070101b288,0x000000070c100000)
 Metaspace       used 34553K, capacity 35152K, committed 35496K, reserved 1079296K
  class space    used 4846K, capacity 5029K, committed 5120K, reserved 1048576K
}

